[2019-07-27 04:22:25 : INFO] - Could not find file for image: ID=496, file=/var/www/html/wp-content/uploads/woocommerce-placeholder.png 
[2019-07-27 04:22:25 : INFO] - Could not find file for image: ID=465, file=/var/www/html/wp-content/uploads/2019/04/apostila-de-como-tirar-musica-de-ouvido.jpg 
[2019-07-27 04:22:25 : INFO] - Could not find file for image: ID=461, file=/var/www/html/wp-content/uploads/2019/04/image.png 
[2019-07-27 04:22:25 : INFO] - Could not find file for image: ID=447, file=/var/www/html/wp-content/uploads/2019/04/images-7.jpg 
[2019-07-27 04:22:25 : INFO] - Could not find file for image: ID=411, file=/var/www/html/wp-content/uploads/2019/03/banner.png 
[2019-07-27 04:22:25 : INFO] - Could not find file for image: ID=409, file=/var/www/html/wp-content/uploads/2019/03/assinatura.png 
[2019-07-27 04:22:25 : INFO] - Could not find file for image: ID=383, file=/var/www/html/wp-content/uploads/2019/03/5a86d5d868b4170001719715_newlogo-eduzz.png 
[2019-07-27 04:22:25 : INFO] - Could not find file for image: ID=382, file=/var/www/html/wp-content/uploads/2019/03/WWpPkX4Y1wj6VdgTsYyUhG0of8P0UXtRPbVJKAAAAAElFTkSuQmCC.png 
[2019-07-27 04:22:25 : INFO] - Could not find file for image: ID=379, file=/var/www/html/wp-content/uploads/2019/03/garantia.png 
[2019-07-27 04:22:25 : INFO] - Could not find file for image: ID=378, file=/var/www/html/wp-content/uploads/2019/03/my_avatar.jpg 
[2019-07-27 04:22:25 : INFO] - Could not find file for image: ID=369, file=/var/www/html/wp-content/uploads/2019/03/cakewalk-open-graph-040d0fdf3f.png 
[2019-07-27 04:22:25 : INFO] - Could not find file for image: ID=368, file=/var/www/html/wp-content/uploads/2019/03/photo-1524103416206-a67f05a8154b.jpg 
[2019-07-27 04:22:25 : INFO] - Could not find file for image: ID=367, file=/var/www/html/wp-content/uploads/2019/03/SONAR_hero-988x416.jpg 
[2019-07-27 04:22:25 : INFO] - Could not find file for image: ID=333, file=/var/www/html/wp-content/uploads/2019/03/ava2.png 
[2019-07-27 04:22:25 : INFO] - Could not find file for image: ID=332, file=/var/www/html/wp-content/uploads/2019/03/ava4.png 
[2019-07-27 04:22:25 : INFO] - Could not find file for image: ID=319, file=/var/www/html/wp-content/uploads/2019/03/ebook_music.png 
[2019-07-27 04:22:25 : INFO] - Could not find file for image: ID=314, file=/var/www/html/wp-content/uploads/2019/03/u4.png 
[2019-07-27 04:22:25 : INFO] - Could not find file for image: ID=307, file=/var/www/html/wp-content/uploads/2019/03/teoria-musical.jpg 
[2019-07-27 04:22:25 : INFO] - Could not find file for image: ID=306, file=/var/www/html/wp-content/uploads/2019/03/piano-3505109_1920.jpg 
[2019-07-27 04:22:25 : INFO] - Could not find file for image: ID=305, file=/var/www/html/wp-content/uploads/2019/03/piano-1655558_1920.jpg 
[2019-07-27 04:22:25 : INFO] - Could not find file for image: ID=296, file=/var/www/html/wp-content/uploads/2019/03/stories2.jpg 
[2019-07-27 04:22:25 : INFO] - Could not find file for image: ID=291, file=/var/www/html/wp-content/uploads/2019/03/iPhone.png 
[2019-07-27 04:22:25 : INFO] - Could not find file for image: ID=292, file=/var/www/html/wp-content/uploads/2019/03/testim1.jpg 
[2019-07-27 04:22:25 : INFO] - Could not find file for image: ID=293, file=/var/www/html/wp-content/uploads/2019/03/testim2.jpg 
[2019-07-27 04:22:25 : INFO] - Could not find file for image: ID=294, file=/var/www/html/wp-content/uploads/2019/03/testim3.jpg 
[2019-07-27 04:22:25 : INFO] - Could not find file for image: ID=295, file=/var/www/html/wp-content/uploads/2019/03/testimbg.jpg 
[2019-07-27 04:22:25 : INFO] - Could not find file for image: ID=290, file=/var/www/html/wp-content/uploads/2019/03/header-background.jpg 
[2019-07-27 04:22:25 : INFO] - Could not find file for image: ID=289, file=/var/www/html/wp-content/uploads/2019/03/placeholder.png 
[2019-07-27 04:22:25 : INFO] - Could not find file for image: ID=273, file=/var/www/html/wp-content/uploads/2019/03/sprint.png 
[2019-07-27 04:22:25 : INFO] - Could not find file for image: ID=272, file=/var/www/html/wp-content/uploads/2019/03/tele.png 
[2019-07-27 04:22:25 : INFO] - Could not find file for image: ID=208, file=/var/www/html/wp-content/uploads/2019/03/agml01.jpg 
[2019-07-27 04:22:25 : INFO] - Could not find file for image: ID=196, file=/var/www/html/wp-content/uploads/2019/03/1-en-b-1.jpg 
[2019-07-27 04:22:25 : INFO] - Could not find file for image: ID=146, file=/var/www/html/wp-content/uploads/2019/03/cropped-favicon-1.png 
[2019-07-27 04:22:25 : INFO] - Could not find file for image: ID=115, file=/var/www/html/wp-content/uploads/2019/03/SKU45888-2.jpg 
[2019-07-27 04:22:25 : INFO] - Could not find file for image: ID=102, file=/var/www/html/wp-content/uploads/2019/03/ether-product-4.jpg 
[2019-07-27 04:22:25 : INFO] - Could not find file for image: ID=98, file=/var/www/html/wp-content/uploads/2019/03/ether-product-3.jpg 
[2019-07-27 04:22:25 : INFO] - Could not find file for image: ID=99, file=/var/www/html/wp-content/uploads/2019/03/ether-stars.png 
[2019-07-27 04:22:25 : INFO] - Could not find file for image: ID=100, file=/var/www/html/wp-content/uploads/2019/03/ether-avatar.png 
[2019-07-27 04:22:25 : INFO] - Could not find file for image: ID=101, file=/var/www/html/wp-content/uploads/2019/03/ether-testimonial-bg.jpg 
[2019-07-27 04:22:25 : INFO] - Could not find file for image: ID=97, file=/var/www/html/wp-content/uploads/2019/03/ether-product-2.jpg 
[2019-07-27 04:22:25 : INFO] - Could not find file for image: ID=89, file=/var/www/html/wp-content/uploads/2019/03/What-Is-Midi_A_USB-CPU_1200x627.jpg 
[2019-07-27 04:22:25 : INFO] - Could not find file for image: ID=82, file=/var/www/html/wp-content/uploads/2019/03/musescore_sticker625403x-e1553378900484.png 
[2019-07-27 04:22:25 : INFO] - Could not find file for image: ID=67, file=/var/www/html/wp-content/uploads/2019/03/guia.png 
[2019-07-27 04:22:25 : INFO] - Could not find file for image: ID=66, file=/var/www/html/wp-content/uploads/2019/03/Cakewalk-1-1.png 
[2019-07-27 04:22:25 : INFO] - Could not find file for image: ID=43, file=/var/www/html/wp-content/uploads/2019/03/Cakewalk-1.png 
[2019-07-27 04:22:25 : INFO] - Could not find file for image: ID=42, file=/var/www/html/wp-content/uploads/2019/03/2837px-BandLab_logo.svg_.png 
[2019-07-27 04:22:25 : INFO] - Could not find file for image: ID=41, file=/var/www/html/wp-content/uploads/2019/03/ead-ensino-distancia-mec.png 
[2019-07-27 04:22:25 : INFO] - Could not find file for image: ID=39, file=/var/www/html/wp-content/uploads/2019/03/open-source-festival-logo-7EF36801B7-seeklogo.com_-e1553379042396.png 
[2019-07-27 04:22:25 : INFO] - Could not find file for image: ID=35, file=/var/www/html/wp-content/uploads/2019/03/cropped-favicon.png 
[2019-07-27 04:22:25 : INFO] - Could not find file for image: ID=34, file=/var/www/html/wp-content/uploads/2019/03/favicon.png 
[2019-07-27 04:22:25 : INFO] - Could not find file for image: ID=29, file=/var/www/html/wp-content/uploads/2019/03/banner-bg.jpg 
[2019-07-27 04:22:25 : INFO] - Could not find file for image: ID=17, file=/var/www/html/wp-content/uploads/2019/03/intro-bg.jpg 
[2019-07-27 04:22:25 : INFO] - Could not find file for image: ID=7, file=/var/www/html/wp-content/uploads/2019/03/logo-1.png 
[2019-07-27 04:22:25 : INFO] - Could not find file for image: ID=5, file=/var/www/html/wp-content/uploads/2019/03/logo.png 
